<?xml version="1.0" encoding="UTF-8"?>
<testng-results ignored="0" total="2" passed="2" failed="0" skipped="0">
  <reporter-output>
  </reporter-output>
  <suite started-at="2023-03-20T10:59:35 IST" name="Default suite" finished-at="2023-03-20T11:00:38 IST" duration-ms="63282">
    <groups>
    </groups>
    <test started-at="2023-03-20T10:59:35 IST" name="Default test" finished-at="2023-03-20T11:00:38 IST" duration-ms="63282">
      <class name="Hibiscus.Guru99">
        <test-method is-config="true" signature="bt()[pri:0, instance:Hibiscus.Guru99@53ce1329]" started-at="2023-03-20T10:59:35 IST" name="bt" finished-at="2023-03-20T10:59:49 IST" duration-ms="13723" status="PASS">
          <reporter-output>
          </reporter-output>
        </test-method> <!-- bt -->
        <test-method signature="login()[pri:-1, instance:Hibiscus.Guru99@53ce1329]" started-at="2023-03-20T10:59:49 IST" name="login" finished-at="2023-03-20T10:59:58 IST" duration-ms="9111" status="PASS">
          <reporter-output>
          </reporter-output>
        </test-method> <!-- login -->
        <test-method signature="register()[pri:0, instance:Hibiscus.Guru99@53ce1329]" started-at="2023-03-20T10:59:58 IST" name="register" finished-at="2023-03-20T11:00:38 IST" duration-ms="40163" status="PASS">
          <reporter-output>
          </reporter-output>
        </test-method> <!-- register -->
        <test-method is-config="true" signature="close()[pri:0, instance:Hibiscus.Guru99@53ce1329]" started-at="2023-03-20T11:00:38 IST" name="close" finished-at="2023-03-20T11:00:38 IST" duration-ms="214" status="PASS">
          <reporter-output>
          </reporter-output>
        </test-method> <!-- close -->
      </class> <!-- Hibiscus.Guru99 -->
    </test> <!-- Default test -->
  </suite> <!-- Default suite -->
</testng-results>
